
Race No.: 1    Wind: 2-3 (BFT)
-------------------------------
Art               1701 ->   1774       1.5
Bill_P                 ->    DNF         6
Jay               1758 ->   1833         3
Pat                    ->    DNF         6
Paul              1543 ->   1774       1.5
Rod               2125 ->   1901         4

Race No.: 2    Wind: 4 (BFT)
-------------------------------
Art               1728 ->   1825         2
Jay               1909 ->   2016         4
Pat               1868 ->   2064         5
Paul              1584 ->   1835         3
Rod               1908 ->   1754         1

Race No.: 3    Wind: 0-1 (BFT)
-------------------------------

Race No.: 4    Wind: 0-1 (BFT)
-------------------------------

Race No.: 5    Wind: 0-1 (BFT)
-------------------------------

Race No.: 6    Wind: 0-1 (BFT)
-------------------------------

Race No.: 7    Wind: 2-3 (BFT)
-------------------------------
Bill_P            2295 ->   2516         4
Dave_Bl           2331 ->   2525       5.5
Jay               2397 ->   2499         3
John              2066 ->   2263         1
Mike_F            2535 ->   2525       5.5
Nedra_F           2556 ->   2546         7
Pat               2499 ->   2725         8
Rod               2663 ->   2382         2

Race No.: 8    Wind: 2-3 (BFT)
-------------------------------
Bill_P            2413 ->   2646         2
Dave_Bl           3000 ->   3250         7
Jay               3340 ->   3483         9
John              2405 ->   2634         1
Mike_F            2768 ->   2757         4
Nedra_F           3045 ->   3033         6
Pat               3077 ->   3356         8
Paul              2400 ->   2759         5
Rod               3018 ->   2699         3

Race No.: 9    Wind: 4 (BFT)
-------------------------------
Barry                  ->    DNF         8
Dave_Bl                ->    DNF         8
David_Bu          3071 ->   3140         5
Jay               3081 ->   3253         6
Mike_F            2467 ->   2522         1
Pat               2661 ->   2940         4
Paul              2237 ->   2592         2
Rod               2857 ->   2626         3

Race No.: 10    Wind: 4 (BFT)
-------------------------------
Barry             1936 ->   1786         2
Jay               2370 ->   2503         5
Pat               1788 ->   1976         4
Paul              1340 ->   1553         1
Rod               2138 ->   1965         3

Race No.: 11    Wind: 0-1 (BFT)
-------------------------------
Art               1738 ->   1748         3
Barry             2269 ->   2003         7
Gail                   ->    DNF         9
John              1629 ->   1798         6
Mike_F            1791 ->   1739         2
Nedra_F           1810 ->   1757         4
Rod               1952 ->   1796         5
Ron               1655 ->   1687         1
Sara              1998 ->   2010         8

Race No.: 12    Wind: 2-3 (BFT)
-------------------------------
Art               1641 ->   1711         6
Barry             2100 ->   1880         8
Eliot             2049 ->   2166         9
Gail              3000 ->   3128        10
John              1211 ->   1326         1
Mike_F            1401 ->   1395         2
Nedra_F           1621 ->   1615         5
Rod               1688 ->   1510         3
Ron               1509 ->   1562         4
Sara              1698 ->   1771         7


races_held  = 8
races_needed_to_q = 4
============= ---  ---  ---  ---  ---  ---  ---  ---  ---  ---  ---  ---   RC_Pts    Pts.
       John     -    -   RC   RC    -    -    1    1    -    -    6    1        1      4
       Paul   1.5    3    -    -    -    -    -    5    2    1   RC   RC      1.9    6.3
     Mike_F    RC   RC    -    -    -    -  5.5    4    1    -    2    2      2.3    7.3
        Art   1.5    2    -    -    -    -    -    -   RC   RC    3    6      2.2    7.9
        Rod     4    1    -    -   RC   RC    2    3    3    3    5    3      2.7    8.4
     Bill_P     6    -    -    -   RC   RC    4    2   RC   RC    -    -        3     12
        Jay     3    4    -    -    -    -    3    9    6    5    -    -       99     15
    Nedra_F    RC   RC    -    -    -    -    7    6    -    -    4    5        5     19
        Pat     6    5    -    -    -    -    8    8    4    4    -    -       99     19
      Barry     -    -    -    -    -    -   RC   RC    8    2    7    8      5.7   20.4
       Sara     -    -    -    -    -    -   RC   RC    -    -    8    7        7     29
   Alison_S     -    -    -    -    -    -    -    -   RC   RC    -    -       98    DNQ
    Dave_Bl     -    -    -    -    -    -  5.5    7    8    -    -    -       99    DNQ
   David_Bu     -    -    -    -    -    -    -    -    5    -    -    -       99    DNQ
      Eliot     -    -    -    -    -    -    -    -    -    -    -    9       99    DNQ
       Gail     -    -    -    -    -    -    -    -    -    -    9   10       99    DNQ
     Nick_H     -    -    -    -    -    -    -    -    -    -   RC   RC       98    DNQ
        Ron     -    -    -    -    -    -    -    -    -    -    1    4       99    DNQ
      Stacy     -    -   RC   RC    -    -    -    -    -    -    -    -       98    DNQ
