
Race No.: 1    Wind: 4 (BFT)
-------------------------------

Race No.: 2    Wind: 4 (BFT)
-------------------------------

Race No.: 3    Wind: D-PN (BFT)
-------------------------------
         Art_M on SWSX      2800 / 0.962 = 2911         1
         Ron_F on F5        2836 / 0.954 = 2973         2
         Rod_H on LASEM     3113 / 0.967 = 3219         3
         Jay_H on SWSX      3689 / 0.962 = 3835         4
        Paul_B on BCN            / 0.869 =  DNF         5

Race No.: 4    Wind: 2-3 (BFT)
-------------------------------
         Ron_F on F5        2085 / 0.966 = 2158         1
         Rod_H on LASEM     2172 / 0.973 = 2232         2
         Art_M on SWSX      2302 / 0.959 = 2400         3
         Jay_H on SWSX      2365 / 0.959 = 2466         4

Race No.: 5    Wind: 2-3 (BFT)
-------------------------------
        Mike_F on SF        1889 / 1.004 = 1881         1
        John_T on US-1      1759 / 0.913 = 1927         2
         Rod_H on LASEM     1904 / 0.973 = 1957         3
       Nedra_F on SF        1988 / 1.004 = 1980         4
         Ron_F on F5        1973 / 0.966 = 2042         5
         Jay_H on SWSX      2151 / 0.959 = 2243         6
       Betsy_H on SF        2285 / 1.004 = 2276         7
         Pat_B on WF        2097 / 0.917 = 2287         8
       Stacy_O on SWSX      2267 / 0.959 = 2364         9

Race No.: 6    Wind: 2-3 (BFT)
-------------------------------
         Ron_F on F5        1861 / 0.966 = 1927         1
         Rod_H on LASEM     1928 / 0.973 = 1982         2
        Mike_F on SF        2012 / 1.004 = 2004         3
       Nedra_F on SF        2048 / 1.004 = 2040         4
         Jay_H on SWSX      1981 / 0.959 = 2066         5
        John_T on US-1      1898 / 0.913 = 2079         6
         Pat_B on WF        1934 / 0.917 = 2109         7
       Stacy_O on SWSX      2105 / 0.959 = 2195         8
       Ralph_H on SF        2227 / 1.004 = 2218         9


races_held  = 4
races_needed_to_q = 2
============= ---  ---  ---  ---  ---  ---   RC_Pts    Pts.
      Ron_F     -    -    2    1    5    1       99      2
      Art_M     -    -    1    3    -    -       99      4
     Mike_F     -    -    -    -    1    3       99      4
      Rod_H     -    -    3    2    3    2       99      4
      Jay_H     -    -    4    4    6    5       99      8
     John_T     -    -    -    -    2    6       99      8
    Nedra_F     -    -    -    -    4    4       99      8
      Pat_B     -    -   RC   RC    8    7        7     14
    Stacy_O    RC   RC    -    -    9    8        8     16
    Barry_O     -    -    -    -   RC   RC       98    196
     Bill_P     -    -    -    -   RC   RC       98    196
   David_Bu     -    -   RC   RC    -    -       98    196
      Ken_B    RC   RC    -    -    -    -       98    196
    Betsy_H     -    -    -    -    7    -       99    DNQ
     Paul_B     -    -    5    -    -    -       99    DNQ
    Ralph_H     -    -    -    -    -    9       99    DNQ
